This is XeTeX, Version 3.1415926-2.5-0.9999.3 (TeX Live 2013) (format=xelatex 2013.11.20)  2 JUN 2015 11:54
entering extended mode
 \write18 enabled.
 file:line:error style messages enabled.
 %&-line parsing enabled.
**main.tex
(./main.tex
LaTeX2e <2011/06/27>
Babel <3.9f> and hyphenation patterns for 78 languages loaded.
(./zjuthesis.cls

LaTeX Warning: You have requested document class `zjuthesis',
               but the document class provides `cskeleton'.

Document Class: cskeleton 2008/10/24 v0.1 ZJU Dissertation Class
(/usr/local/texlive/2013/texmf-dist/tex/latex/base/book.cls
Document Class: book 2007/10/19 v1.4h Standard LaTeX document class
(/usr/local/texlive/2013/texmf-dist/tex/latex/base/bk12.clo
File: bk12.clo 2007/10/19 v1.4h Standard LaTeX file (size option)
)
\c@part=\count80
\c@chapter=\count81
\c@section=\count82
\c@subsection=\count83
\c@subsubsection=\count84
\c@paragraph=\count85
\c@subparagraph=\count86
\c@figure=\count87
\c@table=\count88
\abovecaptionskip=\skip41
\belowcaptionskip=\skip42
\bibindent=\dimen102
)
(/usr/local/texlive/2013/texmf-dist/tex/latex/geometry/geometry.sty
Package: geometry 2010/09/12 v5.6 Page Geometry

(/usr/local/texlive/2013/texmf-dist/tex/latex/graphics/keyval.sty
Package: keyval 1999/03/16 v1.13 key=value parser (DPC)
\KV@toks@=\toks14
)
(/usr/local/texlive/2013/texmf-dist/tex/generic/oberdiek/ifpdf.sty
Package: ifpdf 2011/01/30 v2.3 Provides the ifpdf switch (HO)
Package ifpdf Info: pdfTeX in PDF mode is not detected.
)
(/usr/local/texlive/2013/texmf-dist/tex/generic/oberdiek/ifvtex.sty
Package: ifvtex 2010/03/01 v1.5 Detect VTeX and its facilities (HO)
Package ifvtex Info: VTeX not detected.
)
(/usr/local/texlive/2013/texmf-dist/tex/generic/ifxetex/ifxetex.sty
Package: ifxetex 2010/09/12 v0.6 Provides ifxetex conditional
)
\Gm@cnth=\count89
\Gm@cntv=\count90
\c@Gm@tempcnt=\count91
\Gm@bindingoffset=\dimen103
\Gm@wd@mp=\dimen104
\Gm@odd@mp=\dimen105
\Gm@even@mp=\dimen106
\Gm@layoutwidth=\dimen107
\Gm@layoutheight=\dimen108
\Gm@layouthoffset=\dimen109
\Gm@layoutvoffset=\dimen110
\Gm@dimlist=\toks15
)
(/usr/local/texlive/2013/texmf-dist/tex/latex/base/ifthen.sty
Package: ifthen 2001/05/26 v1.1c Standard LaTeX ifthen package (DPC)
)
(/usr/local/texlive/2013/texmf-dist/tex/latex/tools/calc.sty
Package: calc 2007/08/22 v4.3 Infix arithmetic (KKT,FJ)
\calc@Acount=\count92
\calc@Bcount=\count93
\calc@Adimen=\dimen111
\calc@Bdimen=\dimen112
\calc@Askip=\skip43
\calc@Bskip=\skip44
LaTeX Info: Redefining \setlength on input line 76.
LaTeX Info: Redefining \addtolength on input line 77.
\calc@Ccount=\count94
\calc@Cskip=\skip45
)
(/usr/local/texlive/2013/texmf-dist/tex/latex/amsmath/amsmath.sty
Package: amsmath 2013/01/14 v2.14 AMS math features
\@mathmargin=\skip46

For additional information on amsmath, use the `?' option.
(/usr/local/texlive/2013/texmf-dist/tex/latex/amsmath/amstext.sty
Package: amstext 2000/06/29 v2.01

(/usr/local/texlive/2013/texmf-dist/tex/latex/amsmath/amsgen.sty
File: amsgen.sty 1999/11/30 v2.0
\@emptytoks=\toks16
\ex@=\dimen113
))
(/usr/local/texlive/2013/texmf-dist/tex/latex/amsmath/amsbsy.sty
Package: amsbsy 1999/11/29 v1.2d
\pmbraise@=\dimen114
)
(/usr/local/texlive/2013/texmf-dist/tex/latex/amsmath/amsopn.sty
Package: amsopn 1999/12/14 v2.01 operator names
)
\inf@bad=\count95
LaTeX Info: Redefining \frac on input line 210.
\uproot@=\count96
\leftroot@=\count97
LaTeX Info: Redefining \overline on input line 306.
\classnum@=\count98
\DOTSCASE@=\count99
LaTeX Info: Redefining \ldots on input line 378.
LaTeX Info: Redefining \dots on input line 381.
LaTeX Info: Redefining \cdots on input line 466.
\Mathstrutbox@=\box26
\strutbox@=\box27
\big@size=\dimen115
LaTeX Font Info:    Redeclaring font encoding OML on input line 566.
LaTeX Font Info:    Redeclaring font encoding OMS on input line 567.
\macc@depth=\count100
\c@MaxMatrixCols=\count101
\dotsspace@=\muskip10
\c@parentequation=\count102
\dspbrk@lvl=\count103
\tag@help=\toks17
\row@=\count104
\column@=\count105
\maxfields@=\count106
\andhelp@=\toks18
\eqnshift@=\dimen116
\alignsep@=\dimen117
\tagshift@=\dimen118
\tagwidth@=\dimen119
\totwidth@=\dimen120
\lineht@=\dimen121
\@envbody=\toks19
\multlinegap=\skip47
\multlinetaggap=\skip48
\mathdisplay@stack=\toks20
LaTeX Info: Redefining \[ on input line 2665.
LaTeX Info: Redefining \] on input line 2666.
)
(/usr/local/texlive/2013/texmf-dist/tex/latex/amsfonts/amssymb.sty
Package: amssymb 2013/01/14 v3.01 AMS font symbols

(/usr/local/texlive/2013/texmf-dist/tex/latex/amsfonts/amsfonts.sty
Package: amsfonts 2013/01/14 v3.01 Basic AMSFonts support
\symAMSa=\mathgroup4
\symAMSb=\mathgroup5
LaTeX Font Info:    Overwriting math alphabet `\mathfrak' in version `bold'
(Font)                  U/euf/m/n --> U/euf/b/n on input line 106.
))
(/usr/local/texlive/2013/texmf-dist/tex/latex/jknapltx/mathrsfs.sty
Package: mathrsfs 1996/01/01 Math RSFS package v1.0 (jk)
\symrsfs=\mathgroup6
)
(/usr/local/texlive/2013/texmf-dist/tex/latex/amscls/amsthm.sty
Package: amsthm 2004/08/06 v2.20
\thm@style=\toks21
\thm@bodyfont=\toks22
\thm@headfont=\toks23
\thm@notefont=\toks24
\thm@headpunct=\toks25
\thm@preskip=\skip49
\thm@postskip=\skip50
\thm@headsep=\skip51
\dth@everypar=\toks26
)
(/usr/local/texlive/2013/texmf-dist/tex/latex/fontspec/fontspec.sty
Package: fontspec 2013/05/20 v2.3c Font selection for XeLaTeX and LuaLaTeX

(/usr/local/texlive/2013/texmf-dist/tex/latex/l3kernel/expl3.sty
(/usr/local/texlive/2013/texmf-dist/tex/latex/l3kernel/l3names.sty
(/usr/local/texlive/2013/texmf-dist/tex/latex/l3kernel/l3bootstrap.sty
Package: l3bootstrap 2013/01/08 v4420 L3 Experimental bootstrap code
)
Package: l3names 2012/12/07 v4346 L3 Namespace for primitives
)
(/usr/local/texlive/2013/texmf-dist/tex/latex/etex-pkg/etex.sty
Package: etex 1998/03/26 v2.0 eTeX basic definition package (PEB)
\et@xins=\count107
)
Package: expl3 2013/03/14 v4469 L3 Experimental code bundle wrapper

(/usr/local/texlive/2013/texmf-dist/tex/latex/l3kernel/l3basics.sty
Package: l3basics 2013/01/10 v4428 L3 Basic definitions
)
(/usr/local/texlive/2013/texmf-dist/tex/latex/l3kernel/l3expan.sty
Package: l3expan 2013/02/03 v4458 L3 Argument expansion
)
(/usr/local/texlive/2013/texmf-dist/tex/latex/l3kernel/l3tl.sty
Package: l3tl 2013/01/08 v4415 L3 Token lists
)
(/usr/local/texlive/2013/texmf-dist/tex/latex/l3kernel/l3seq.sty
Package: l3seq 2013/01/12 v4434 L3 Sequences and stacks
)
(/usr/local/texlive/2013/texmf-dist/tex/latex/l3kernel/l3int.sty
Package: l3int 2013/01/13 v4444 L3 Integers
\c_max_int=\count108
\l_tmpa_int=\count109
\l_tmpb_int=\count110
\g_tmpa_int=\count111
\g_tmpb_int=\count112
)
(/usr/local/texlive/2013/texmf-dist/tex/latex/l3kernel/l3quark.sty
Package: l3quark 2012/11/04 v4268 L3 Quarks
)
(/usr/local/texlive/2013/texmf-dist/tex/latex/l3kernel/l3prg.sty
Package: l3prg 2013/02/13 v4459 L3 Control structures
\g__prg_map_int=\count113
)
(/usr/local/texlive/2013/texmf-dist/tex/latex/l3kernel/l3clist.sty
Package: l3clist 2013/01/08 v4414 L3 Comma separated lists
)
(/usr/local/texlive/2013/texmf-dist/tex/latex/l3kernel/l3token.sty
Package: l3token 2013/01/10 v4428 L3 Experimental token manipulation
)
(/usr/local/texlive/2013/texmf-dist/tex/latex/l3kernel/l3prop.sty
Package: l3prop 2013/01/09 v4423 L3 Property lists
)
(/usr/local/texlive/2013/texmf-dist/tex/latex/l3kernel/l3msg.sty
Package: l3msg 2013/01/08 v4412 L3 Messages
)
(/usr/local/texlive/2013/texmf-dist/tex/latex/l3kernel/l3file.sty
Package: l3file 2013/01/14 v4446 L3 File and I/O operations
\l_iow_line_count_int=\count114
\l__iow_target_count_int=\count115
\l__iow_current_line_int=\count116
\l__iow_current_word_int=\count117
\l__iow_current_indentation_int=\count118
)
(/usr/local/texlive/2013/texmf-dist/tex/latex/l3kernel/l3skip.sty
Package: l3skip 2013/01/13 v4444 L3 Dimensions and skips
\c_zero_dim=\dimen122
\c_max_dim=\dimen123
\l_tmpa_dim=\dimen124
\l_tmpb_dim=\dimen125
\g_tmpa_dim=\dimen126
\g_tmpb_dim=\dimen127
\c_zero_skip=\skip52
\c_max_skip=\skip53
\l_tmpa_skip=\skip54
\l_tmpb_skip=\skip55
\g_tmpa_skip=\skip56
\g_tmpb_skip=\skip57
\c_zero_muskip=\muskip11
\c_max_muskip=\muskip12
\l_tmpa_muskip=\muskip13
\l_tmpb_muskip=\muskip14
\g_tmpa_muskip=\muskip15
\g_tmpb_muskip=\muskip16
)
(/usr/local/texlive/2013/texmf-dist/tex/latex/l3kernel/l3keys.sty
Package: l3keys 2013/02/24 v4461 L3 Experimental key-value interfaces
\g__keyval_level_int=\count119
\l_keys_choice_int=\count120
)
(/usr/local/texlive/2013/texmf-dist/tex/latex/l3kernel/l3fp.sty
Package: l3fp 2013/01/19 v4449 L3 Floating points
\c__fp_leading_shift_int=\count121
\c__fp_middle_shift_int=\count122
\c__fp_trailing_shift_int=\count123
\c__fp_big_leading_shift_int=\count124
\c__fp_big_middle_shift_int=\count125
\c__fp_big_trailing_shift_int=\count126
\c__fp_Bigg_leading_shift_int=\count127
\c__fp_Bigg_middle_shift_int=\count128
\c__fp_Bigg_trailing_shift_int=\count129
)
(/usr/local/texlive/2013/texmf-dist/tex/latex/l3kernel/l3box.sty
Package: l3box 2013/01/08 v4411 L3 Experimental boxes
\c_empty_box=\box28
\l_tmpa_box=\box29
\l_tmpb_box=\box30
\g_tmpa_box=\box31
\g_tmpb_box=\box32
)
(/usr/local/texlive/2013/texmf-dist/tex/latex/l3kernel/l3coffins.sty
Package: l3coffins 2012/09/09 v4212 L3 Coffin code layer
\l__coffin_internal_box=\box33
\l__coffin_internal_dim=\dimen128
\l__coffin_offset_x_dim=\dimen129
\l__coffin_offset_y_dim=\dimen130
\l__coffin_x_dim=\dimen131
\l__coffin_y_dim=\dimen132
\l__coffin_x_prime_dim=\dimen133
\l__coffin_y_prime_dim=\dimen134
\c_empty_coffin=\box34
\l__coffin_aligned_coffin=\box35
\l__coffin_aligned_internal_coffin=\box36
\l_tmpa_coffin=\box37
\l_tmpb_coffin=\box38
\l__coffin_display_coffin=\box39
\l__coffin_display_coord_coffin=\box40
\l__coffin_display_pole_coffin=\box41
\l__coffin_display_offset_dim=\dimen135
\l__coffin_display_x_dim=\dimen136
\l__coffin_display_y_dim=\dimen137
)
(/usr/local/texlive/2013/texmf-dist/tex/latex/l3kernel/l3color.sty
Package: l3color 2012/08/29 v4156 L3 Experimental color support
)
(/usr/local/texlive/2013/texmf-dist/tex/latex/l3kernel/l3luatex.sty
Package: l3luatex 2012/08/03 v4049 L3 Experimental LuaTeX-specific functions
\g__cctab_allocate_int=\count130
\g__cctab_stack_int=\count131
)
(/usr/local/texlive/2013/texmf-dist/tex/latex/l3kernel/l3candidates.sty
Package: l3candidates 2013/03/14 v4468 L3 Experimental additions to l3kernel
\l__box_top_dim=\dimen138
\l__box_bottom_dim=\dimen139
\l__box_left_dim=\dimen140
\l__box_right_dim=\dimen141
\l__box_top_new_dim=\dimen142
\l__box_bottom_new_dim=\dimen143
\l__box_left_new_dim=\dimen144
\l__box_right_new_dim=\dimen145
\l__box_internal_box=\box42
\l__coffin_bounding_shift_dim=\dimen146
\l__coffin_left_corner_dim=\dimen147
\l__coffin_right_corner_dim=\dimen148
\l__coffin_bottom_corner_dim=\dimen149
\l__coffin_top_corner_dim=\dimen150
\l__coffin_scaled_total_height_dim=\dimen151
\l__coffin_scaled_width_dim=\dimen152
))
(/usr/local/texlive/2013/texmf-dist/tex/latex/l3packages/xparse/xparse.sty
Package: xparse 2013/03/12 v4467 L3 Experimental document command parser
\l__xparse_current_arg_int=\count132
\l__xparse_m_args_int=\count133
\l__xparse_mandatory_args_int=\count134
\l__xparse_processor_int=\count135
\l__xparse_v_nesting_int=\count136
)
\l_fontspec_script_int=\count137
\l_fontspec_language_int=\count138
\l_fontspec_strnum_int=\count139
\l_fontspec_tmpa_dim=\dimen153
\l_fontspec_tmpb_dim=\dimen154
\l_fontspec_tmpc_dim=\dimen155
Variant \tl_gset:cV already defined; not changing it on line 69

(/usr/local/texlive/2013/texmf-dist/tex/latex/fontspec/fontspec-patches.sty
Package: fontspec-patches 2013/05/20 v2.3c Font selection for XeLaTeX and LuaLa
TeX

(/usr/local/texlive/2013/texmf-dist/tex/latex/base/fixltx2e.sty
Package: fixltx2e 2006/09/13 v1.1m fixes to LaTeX
LaTeX Info: Redefining \em on input line 420.
LaTeX Info: The control sequence `\[' is already robust on input line 471.
LaTeX Info: The control sequence `\]' is already robust on input line 472.
)
LaTeX Info: Redefining \em on input line 22.
LaTeX Info: Redefining \emph on input line 30.
LaTeX Info: Redefining \- on input line 33.

*************************************************
* LaTeX warning: "xparse/redefine-command"
* 
* Redefining document command \oldstylenums with arg. spec. 'm' on line 128.
*************************************************
.................................................
. LaTeX info: "xparse/define-command"
. 
. Defining document command \liningnums with arg. spec. 'm' on line 132.
.................................................
) (/usr/local/texlive/2013/texmf-dist/tex/latex/fontspec/fontspec-xetex.sty
Package: fontspec-xetex 2013/05/20 v2.3c Font selection for XeLaTeX and LuaLaTe
X

(/usr/local/texlive/2013/texmf-dist/tex/latex/base/fontenc.sty
Package: fontenc 2005/09/27 v1.99g Standard LaTeX package

(/usr/local/texlive/2013/texmf-dist/tex/latex/euenc/eu1enc.def
File: eu1enc.def 2010/05/27 v0.1h Experimental Unicode font encodings
)
LaTeX Font Info:    Try loading font information for EU1+lmr on input line 100.


(/usr/local/texlive/2013/texmf-dist/tex/latex/euenc/eu1lmr.fd
File: eu1lmr.fd 2009/10/30 v1.6 Font defs for Latin Modern
))
(/usr/local/texlive/2013/texmf-dist/tex/xelatex/xunicode/xunicode.sty
File: xunicode.sty 2011/09/09 v0.981 provides access to latin accents and many 
other characters in Unicode lower plane

(/usr/local/texlive/2013/texmf-dist/tex/latex/tipa/t3enc.def
File: t3enc.def 2001/12/31 T3 encoding
LaTeX Font Info:    Try loading font information for EU1+lmss on input line 357
.

(/usr/local/texlive/2013/texmf-dist/tex/latex/euenc/eu1lmss.fd
File: eu1lmss.fd 2009/10/30 v1.6 Font defs for Latin Modern
))
\tipaTiiicode=\count140
\tipasavetokens=\toks27
\tipachecktokens=\toks28

(/usr/local/texlive/2013/texmf-dist/tex/latex/graphics/graphicx.sty
Package: graphicx 1999/02/16 v1.0f Enhanced LaTeX Graphics (DPC,SPQR)

(/usr/local/texlive/2013/texmf-dist/tex/latex/graphics/graphics.sty
Package: graphics 2009/02/05 v1.0o Standard LaTeX Graphics (DPC,SPQR)

(/usr/local/texlive/2013/texmf-dist/tex/latex/graphics/trig.sty
Package: trig 1999/03/16 v1.09 sin cos tan (DPC)
)
(/usr/local/texlive/2013/texmf-dist/tex/latex/latexconfig/graphics.cfg
File: graphics.cfg 2010/04/23 v1.9 graphics configuration of TeX Live
)
Package graphics Info: Driver file: xetex.def on input line 91.

(/usr/local/texlive/2013/texmf-dist/tex/xelatex/xetex-def/xetex.def
File: xetex.def 2013/04/29 v0.96 LaTeX color/graphics driver for XeTeX (RRM/JK)

))
\Gin@req@height=\dimen156
\Gin@req@width=\dimen157
))
.................................................
. LaTeX info: "xparse/define-command"
. 
. Defining document command \fontspec with arg. spec. 'O{}m' on line 41.
.................................................
.................................................
. LaTeX info: "xparse/define-command"
. 
. Defining document command \setmainfont with arg. spec. 'O{}m' on line 46.
.................................................
.................................................
. LaTeX info: "xparse/define-command"
. 
. Defining document command \setsansfont with arg. spec. 'O{}m' on line 51.
.................................................
.................................................
. LaTeX info: "xparse/define-command"
. 
. Defining document command \setmonofont with arg. spec. 'O{}m' on line 56.
.................................................
.................................................
. LaTeX info: "xparse/define-command"
. 
. Defining document command \setmathrm with arg. spec. 'O{}m' on line 65.
.................................................
.................................................
. LaTeX info: "xparse/define-command"
. 
. Defining document command \setboldmathrm with arg. spec. 'O{}m' on line 69.
.................................................
.................................................
. LaTeX info: "xparse/define-command"
. 
. Defining document command \setmathsf with arg. spec. 'O{}m' on line 73.
.................................................
.................................................
. LaTeX info: "xparse/define-command"
. 
. Defining document command \setmathtt with arg. spec. 'O{}m' on line 77.
.................................................
.................................................
. LaTeX info: "xparse/define-command"
. 
. Defining document command \newfontfamily with arg. spec. 'mO{}m' on line 96.
.................................................
.................................................
. LaTeX info: "xparse/define-command"
. 
. Defining document command \newfontface with arg. spec. 'mO{}m' on line 100.
.................................................
.................................................
. LaTeX info: "xparse/define-command"
. 
. Defining document command \defaultfontfeatures with arg. spec. 'om' on line
. 108.
.................................................
.................................................
. LaTeX info: "xparse/define-command"
. 
. Defining document command \addfontfeatures with arg. spec. 'm' on line 144.
.................................................
.................................................
. LaTeX info: "xparse/define-command"
. 
. Defining document command \newfontfeature with arg. spec. 'mm' on line 156.
.................................................
.................................................
. LaTeX info: "xparse/define-command"
. 
. Defining document command \newAATfeature with arg. spec. 'mmmm' on line 164.
.................................................
.................................................
. LaTeX info: "xparse/define-command"
. 
. Defining document command \newICUfeature with arg. spec. 'mmm' on line 172.
.................................................
.................................................
. LaTeX info: "xparse/define-command"
. 
. Defining document command \aliasfontfeature with arg. spec. 'mm' on line
. 201.
.................................................
.................................................
. LaTeX info: "xparse/define-command"
. 
. Defining document command \aliasfontfeatureoption with arg. spec. 'mmm' on
. line 203.
.................................................
.................................................
. LaTeX info: "xparse/define-command"
. 
. Defining document command \newfontscript with arg. spec. 'mm' on line 208.
.................................................
.................................................
. LaTeX info: "xparse/define-command"
. 
. Defining document command \newfontlanguage with arg. spec. 'mm' on line 235.
.................................................
.................................................
. LaTeX info: "xparse/define-command"
. 
. Defining document command \DeclareFontsExtensions with arg. spec. 'm' on
. line 256.
.................................................
Variant \prop_gput:cnV already defined; not changing it on line 582
Variant \prop_gput:cnx already defined; not changing it on line 583
\l_fontspec_tmp_int=\count141
LaTeX Info: Redefining \itshape on input line 2087.
LaTeX Info: Redefining \slshape on input line 2092.
LaTeX Info: Redefining \scshape on input line 2097.
LaTeX Info: Redefining \upshape on input line 2102.

(/usr/local/texlive/2013/texmf-dist/tex/latex/fontspec/fontspec.cfg)))
(/usr/local/texlive/2013/texmf-dist/tex/latex/xltxtra/xltxtra.sty
Package: xltxtra 2010/09/20 v0.5e Improvements for the "XeLaTeX" format

(/usr/local/texlive/2013/texmf-dist/tex/generic/oberdiek/ifluatex.sty
Package: ifluatex 2010/03/01 v1.3 Provides the ifluatex switch (HO)
Package ifluatex Info: LuaTeX not detected.
)
(/usr/local/texlive/2013/texmf-dist/tex/latex/realscripts/realscripts.sty
Package: realscripts 2013/03/18 v0.3c Access OpenType subscripts and superscrip
ts
.................................................
. LaTeX info: "xparse/define-command"
. 
. Defining document command \fakesubscript with arg. spec. 'm' on line 19.
.................................................
.................................................
. LaTeX info: "xparse/define-command"
. 
. Defining document command \fakesuperscript with arg. spec. 'm' on line 22.
.................................................

*************************************************
* LaTeX warning: "xparse/redefine-command"
* 
* Redefining document command \textsubscript with arg. spec. 's' on line 25.
*************************************************
*************************************************
* LaTeX warning: "xparse/redefine-command"
* 
* Redefining document command \textsuperscript with arg. spec. 's' on line 28.
*************************************************
.................................................
. LaTeX info: "xparse/define-command"
. 
. Defining document command \realsubscript with arg. spec. 'm' on line 45.
.................................................
.................................................
. LaTeX info: "xparse/define-command"
. 
. Defining document command \realsuperscript with arg. spec. 'm' on line 60.
.................................................
.................................................
. LaTeX info: "xparse/define-command"
. 
. Defining document command \textsubsuperscript with arg. spec. 'sO{l}mm' on
. line 138.
.................................................
.................................................
. LaTeX info: "xparse/define-command"
. 
. Defining document command \textsupersubscript with arg. spec. 'sO{l}mm' on
. line 143.
.................................................
\subsupersep=\dimen158
) (/usr/local/texlive/2013/texmf-dist/tex/latex/metalogo/metalogo.sty
Package: metalogo 2010/05/29 v0.12 Extended TeX logo macros
\xl@everylogo=\toks29
\xl@@everylogo=\toks30
LaTeX Info: Redefining \TeX on input line 193.
LaTeX Info: Redefining \LaTeX on input line 202.
LaTeX Info: Redefining \LaTeXe on input line 219.
)
\xxt@tempbox=\box43
)
(/usr/local/texlive/2013/texmf-dist/tex/generic/ulem/ulem.sty
\UL@box=\box44
\UL@hyphenbox=\box45
\UL@skip=\skip58
\UL@hook=\toks31
\UL@height=\dimen159
\UL@pe=\count142
\UL@pixel=\dimen160
\ULC@box=\box46
Package: ulem 2012/05/18
\ULdepth=\dimen161
)
\g__file_internal_ior=\read1
\g_fontspec_family_Times New Roman_int=\count143
.................................................
. fontspec info: "defining-font"
. 
. Font family 'TimesNewRoman(0)' created for font 'Times New Roman' with
. options [].
. 
. This font family consists of the following shapes:
. 
. * 'normal' with NFSS spec.:
. <->"Times New Roman/ICU:script=latn;language=DFLT;"
. 
. * 'bold' with NFSS spec.:
. <->"Times New Roman/B/ICU:script=latn;language=DFLT;"
. 
. * 'italic' with NFSS spec.:
. <->"Times New Roman/I/ICU:script=latn;language=DFLT;"
. 
. * 'bold italic' with NFSS spec.:
. <->"Times New Roman/BI/ICU:script=latn;language=DFLT;"
.................................................
\g_fontspec_family_Arial_int=\count144
.................................................
. fontspec info: "defining-font"
. 
. Font family 'Arial(0)' created for font 'Arial' with options [].
. 
. This font family consists of the following shapes:
. 
. * 'normal' with NFSS spec.:
. <->"Arial/ICU:script=latn;language=DFLT;"
. 
. * 'bold' with NFSS spec.:
. <->"Arial/B/ICU:script=latn;language=DFLT;"
. 
. * 'italic' with NFSS spec.:
. <->"Arial/I/ICU:script=latn;language=DFLT;"
. 
. * 'bold italic' with NFSS spec.:
. <->"Arial/BI/ICU:script=latn;language=DFLT;"
.................................................
\g_fontspec_family_Courier New_int=\count145
.................................................
. fontspec info: "defining-font"
. 
. Font family 'CourierNew(0)' created for font 'Courier New' with options [].
. 
. This font family consists of the following shapes:
. 
. * 'normal' with NFSS spec.:
. <->"Courier New/ICU:script=latn;language=DFLT;"
. 
. * 'bold' with NFSS spec.:
. <->"Courier New/B/ICU:script=latn;language=DFLT;"
. 
. * 'italic' with NFSS spec.:
. <->"Courier New/I/ICU:script=latn;language=DFLT;"
. 
. * 'bold italic' with NFSS spec.:
. <->"Courier New/BI/ICU:script=latn;language=DFLT;"
.................................................

(/usr/local/texlive/2013/texmf-dist/tex/xelatex/xecjk/xeCJK.sty
Package: xeCJK 2013/05/29 v3.2.1 Typesetting CJK scripts with XeLaTeX

(/usr/local/texlive/2013/texmf-dist/tex/latex/l3packages/xtemplate/xtemplate.st
y
Package: xtemplate 2013/03/12 v4467 L3 Experimental prototype document function
s
\l__xtemplate_tmp_dim=\dimen162
\l__xtemplate_tmp_int=\count146
\l__xtemplate_tmp_muskip=\muskip17
\l__xtemplate_tmp_skip=\skip59
Variant \prop_get:NoNTF already defined; not changing it on line 106
Variant \prop_get:NoNT already defined; not changing it on line 107
Variant \prop_get:NoNF already defined; not changing it on line 108
)
(/usr/local/texlive/2013/texmf-dist/tex/latex/l3packages/l3keys2e/l3keys2e.sty
Package: l3keys2e 2013/03/12 v4467 LaTeX2e option processing using LaTeX3 keys
)
\l__xeCJK_tmpa_int=\count147
\l__xeCJK_tmpb_int=\count148
\l__xeCJK_tmpc_int=\count149
\l__xeCJK_tmp_box=\box47
\l__xeCJK_tmp_dim=\dimen163
\l__xeCJK_tmp_skip=\skip60
\g__xeCJK_spacefactor_int=\count150
.................................................
. LaTeX info: "xparse/define-command"
. 
. Defining document command \makexeCJKactive with arg. spec. '' on line 304.
.................................................
.................................................
. LaTeX info: "xparse/define-command"
. 
. Defining document command \makexeCJKinactive with arg. spec. '' on line 305.
.................................................
\c__xeCJK_HalfLeft_class_int=\XeTeXintercharclass4
\c__xeCJK_HalfRight_class_int=\XeTeXintercharclass5
\c__xeCJK_NormalSpace_class_int=\XeTeXintercharclass6
\c__xeCJK_IVS_class_int=\XeTeXintercharclass7
.................................................
. LaTeX info: "xparse/define-command"
. 
. Defining document command \xeCJKDeclareCharClass with arg. spec.
. 's>{\TrimSpaces }mm' on line 432.
.................................................
.................................................
. LaTeX info: "xparse/define-command"
. 
. Defining document command \__xeCJK_set_char_class_aux:Nnw with arg. spec.
. 'm>{\SplitArgument {1}{->}}m' on line 448.
.................................................
.................................................
. LaTeX info: "xparse/define-command"
. 
. Defining document command \normalspacedchars with arg. spec. 'm' on line
. 501.
.................................................
.................................................
. LaTeX info: "xparse/define-command"
. 
. Defining document command \xeCJKResetPunctClass with arg. spec. '' on line
. 508.
.................................................
.................................................
. LaTeX info: "xparse/define-command"
. 
. Defining document command \xeCJKResetCharClass with arg. spec. '' on line
. 515.
.................................................
\c__xeCJK_CJK_node_dim=\dimen164
\c__xeCJK_CJK-space_node_dim=\dimen165
\c__xeCJK_default_node_dim=\dimen166
\c__xeCJK_default-space_node_dim=\dimen167
\l__xeCJK_ccglue_skip=\skip61
\l__xeCJK_ecglue_skip=\skip62
.................................................
. LaTeX info: "xparse/define-command"
. 
. Defining document command \xeCJKnobreak with arg. spec. '' on line 1061.
.................................................
.................................................
. LaTeX info: "xparse/define-command"
. 
. Defining document command \xeCJKDeclareSubCJKBlock with arg. spec.
. 's>{\TrimSpaces }m>{\TrimSpaces }m' on line 1225.
.................................................
.................................................
. LaTeX info: "xparse/define-command"
. 
. Defining document command \xeCJKCancelSubCJKBlock with arg. spec. 'sm' on
. line 1236.
.................................................
.................................................
. LaTeX info: "xparse/define-command"
. 
. Defining document command \xeCJKRestoreSubCJKBlock with arg. spec. 'sm' on
. line 1245.
.................................................
.................................................
. LaTeX info: "xparse/define-command"
. 
. Defining document command \xeCJKsetwidth with arg. spec. 'mm' on line 1324.
.................................................
.................................................
. LaTeX info: "xparse/define-command"
. 
. Defining document command \xeCJKsetkern with arg. spec. 'mmm' on line 1327.
.................................................
.................................................
. xtemplate info: "declare-object-type"
. 
. Declaring object type 'xeCJK/punctuation' taking \c_three  argument(s) on
. line 1415.
.................................................
\l__xeCJK_fixed_punct_width_dim=\dimen168
\l__xeCJK_mixed_punct_width_dim=\dimen169
\l__xeCJK_middle_punct_width_dim=\dimen170
\l__xeCJK_fixed_margin_width_dim=\dimen171
\l__xeCJK_mixed_margin_width_dim=\dimen172
\l__xeCJK_middle_margin_width_dim=\dimen173
\l__xeCJK_margin_minimum_dim=\dimen174
\l__xeCJK_kerning_total_width_dim=\dimen175
\l__xeCJK_same_align_margin_dim=\dimen176
\l__xeCJK_different_align_margin_dim=\dimen177
\l__xeCJK_kerning_margin_width_dim=\dimen178
\l__xeCJK_kerning_margin_minimum_dim=\dimen179
.................................................
. LaTeX info: "xparse/define-command"
. 
. Defining document command \xeCJKDeclarePunctStyle with arg. spec.
. '>{\TrimSpaces }mm' on line 1806.
.................................................
.................................................
. LaTeX info: "xparse/define-command"
. 
. Defining document command \xeCJKEditPunctStyle with arg. spec.
. '>{\TrimSpaces }mm' on line 1819.
.................................................
.................................................
. LaTeX info: "xparse/define-command"
. 
. Defining document command \setCJKfallbackfamilyfont with arg. spec. 'mO{}m'
. on line 1899.
.................................................
\g__xeCJK_family_int=\count151
.................................................
. LaTeX info: "xparse/define-command"
. 
. Defining document command \CJKfamily with arg. spec. 't+t-m' on line 2407.
.................................................
.................................................
. LaTeX info: "xparse/define-command"
. 
. Defining document command \__xeCJK_gobble_CJKfamily:wn with arg. spec.
. 't+t-m' on line 2411.
.................................................
.................................................
. LaTeX info: "xparse/define-command"
. 
. Defining document command \setCJKmainfont with arg. spec. 'O{}m' on line
. 2461.
.................................................
.................................................
. LaTeX info: "xparse/define-command"
. 
. Defining document command \setCJKsansfont with arg. spec. 'O{}m' on line
. 2467.
.................................................
.................................................
. LaTeX info: "xparse/define-command"
. 
. Defining document command \setCJKmonofont with arg. spec. 'O{}m' on line
. 2472.
.................................................
.................................................
. LaTeX info: "xparse/define-command"
. 
. Defining document command \setCJKfamilyfont with arg. spec. 'mO{}m' on line
. 2479.
.................................................
.................................................
. LaTeX info: "xparse/define-command"
. 
. Defining document command \newCJKfontfamily with arg. spec. 'omO{}m' on line
. 2485.
.................................................
.................................................
. LaTeX info: "xparse/define-command"
. 
. Defining document command \CJKfontspec with arg. spec. 'O{}m' on line 2490.
.................................................
.................................................
. LaTeX info: "xparse/define-command"
. 
. Defining document command \defaultCJKfontfeatures with arg. spec. 'm' on
. line 2506.
.................................................
.................................................
. LaTeX info: "xparse/define-command"
. 
. Defining document command \addCJKfontfeatures with arg. spec. 'm' on line
. 2512.
.................................................
.................................................
. LaTeX info: "xparse/define-command"
. 
. Defining document command \setCJKmathfont with arg. spec. 'O{}m' on line
. 2610.
.................................................
\l__xeCJK_verb_case_int=\count152
.................................................
. LaTeX info: "xparse/define-command"
. 
. Defining document command \xeCJKVerbAddon with arg. spec. '' on line 2692.
.................................................
\g__xeCJK_verb_exspace_skip=\skip63
(/usr/local/texlive/2013/texmf-dist/tex/latex/tools/indentfirst.sty
Package: indentfirst 1995/11/23 v1.03 Indent first paragraph (DPC)
)
.................................................
. LaTeX info: "xparse/define-command"
. 
. Defining document command \xeCJKsetup with arg. spec. '+m' on line 2893.
.................................................
.................................................
. LaTeX info: "xparse/define-command"
. 
. Defining document command \xeCJKsetemboldenfactor with arg. spec. 'm' on
. line 2895.
.................................................
.................................................
. LaTeX info: "xparse/define-command"
. 
. Defining document command \xeCJKsetslantfactor with arg. spec. 'm' on line
. 2897.
.................................................
.................................................
. LaTeX info: "xparse/define-command"
. 
. Defining document command \punctstyle with arg. spec. 'm' on line 2898.
.................................................
.................................................
. LaTeX info: "xparse/define-command"
. 
. Defining document command \xeCJKplainchr with arg. spec. '' on line 2899.
.................................................
.................................................
. LaTeX info: "xparse/define-command"
. 
. Defining document command \CJKsetecglue with arg. spec. 'm' on line 2900.
.................................................
.................................................
. LaTeX info: "xparse/define-command"
. 
. Defining document command \CJKspace with arg. spec. '' on line 2902.
.................................................
.................................................
. LaTeX info: "xparse/define-command"
. 
. Defining document command \CJKnospace with arg. spec. '' on line 2903.
.................................................
.................................................
. LaTeX info: "xparse/define-command"
. 
. Defining document command \xeCJKallowbreakbetweenpuncts with arg. spec. ''
. on line 2905.
.................................................
.................................................
. LaTeX info: "xparse/define-command"
. 
. Defining document command \xeCJKnobreakbetweenpuncts with arg. spec. '' on
. line 2907.
.................................................
.................................................
. LaTeX info: "xparse/define-command"
. 
. Defining document command \xeCJKenablefallback with arg. spec. '' on line
. 2909.
.................................................
.................................................
. LaTeX info: "xparse/define-command"
. 
. Defining document command \xeCJKdisablefallback with arg. spec. '' on line
. 2911.
.................................................
.................................................
. LaTeX info: "xparse/define-command"
. 
. Defining document command \xeCJKsetcharclass with arg. spec. 'mmm' on line
. 2916.
.................................................

*************************************************
* LaTeX warning: "xparse/redefine-command"
* 
* Redefining document command \fontfamily with arg. spec. 'm' on line 2970.
*************************************************
.................................................
. LaTeX info: "xparse/define-command"
. 
. Defining document command \xeCJKcaption with arg. spec. 'om' on line 3102.
.................................................
(/usr/local/texlive/2013/texmf-dist/tex/xelatex/xecjk/config/xeCJK.cfg
File: xeCJK.cfg 2013/05/29 v3.2.1 Configuration file for xeCJK package
))
\g_fontspec_family_SimSun_int=\count153
.................................................
. fontspec info: "defining-font"
. 
. Font family 'SimSun(0)' created for font 'SimSun' with options
. [Script={CJK},BoldFont={SimHei},BoldItalicFont={SimHei},BoldSlantedFont={SimH
ei},ItalicFont={*},SlantedFont={*}].
. 
. This font family consists of the following shapes:
. 
. * 'normal' with NFSS spec.:
. <->"SimSun/ICU:script=hani;language=DFLT;"
. 
. * 'bold' with NFSS spec.:
. <->"SimHei/ICU:script=hani;language=DFLT;"
. 
. * 'italic' with NFSS spec.:
. <->"SimSun/ICU:script=hani;language=DFLT;"
. 
. * 'sl/' with NFSS spec.:
. <->"SimSun/ICU:script=hani;language=DFLT;"
. 
. * 'bold italic' with NFSS spec.:
. <->"SimHei/ICU:script=hani;language=DFLT;"
. 
. * 'sl/' with NFSS spec.:
. <->"SimHei/ICU:script=hani;language=DFLT;"
.................................................

(/usr/local/texlive/2013/texmf-dist/tex/latex/graphics/color.sty
Package: color 2005/11/14 v1.0j Standard LaTeX Color (DPC)

(/usr/local/texlive/2013/texmf-dist/tex/latex/latexconfig/color.cfg
File: color.cfg 2007/01/18 v1.5 color configuration of teTeX/TeXLive
)
Package color Info: Driver file: xetex.def on input line 130.
)
(/usr/local/texlive/2013/texmf-dist/tex/latex/fancyhdr/fancyhdr.sty
\fancy@headwidth=\skip64
\f@ncyO@elh=\skip65
\f@ncyO@erh=\skip66
\f@ncyO@olh=\skip67
\f@ncyO@orh=\skip68
\f@ncyO@elf=\skip69
\f@ncyO@erf=\skip70
\f@ncyO@olf=\skip71
\f@ncyO@orf=\skip72
)
(/usr/local/texlive/2013/texmf-dist/tex/latex/nomencl/nomencl.sty
Package: nomencl 2005/09/22 v4.2 Nomenclature package (LN)
\nomlabelwidth=\dimen180
\nom@tempdim=\dimen181
\nomitemsep=\skip73
)
(/usr/local/texlive/2013/texmf-dist/tex/latex/titlesec/titlesec.sty
Package: titlesec 2011/12/15 v2.10.0 Sectioning titles
\ttl@box=\box48
\beforetitleunit=\skip74
\aftertitleunit=\skip75
\ttl@plus=\dimen182
\ttl@minus=\dimen183
\ttl@toksa=\toks32
\titlewidth=\dimen184
\titlewidthlast=\dimen185
\titlewidthfirst=\dimen186
)
(/usr/local/texlive/2013/texmf-dist/tex/latex/titlesec/titletoc.sty
Package: titletoc 2011/12/15 v1.6 TOC entries
\ttl@leftsep=\dimen187
)
(/usr/local/texlive/2013/texmf-dist/tex/latex/url/url.sty
\Urlmuskip=\muskip18
Package: url 2006/04/12  ver 3.3  Verb mode for urls, etc.
)
(/usr/local/texlive/2013/texmf-dist/tex/latex/graphics/lscape.sty
Package: lscape 2000/10/22 v3.01 Landscape Pages (DPC)
)
(/usr/local/texlive/2013/texmf-dist/tex/latex/tools/longtable.sty
Package: longtable 2004/02/01 v4.11 Multi-page Table package (DPC)
\LTleft=\skip76
\LTright=\skip77
\LTpre=\skip78
\LTpost=\skip79
\LTchunksize=\count154
\LTcapwidth=\dimen188
\LT@head=\box49
\LT@firsthead=\box50
\LT@foot=\box51
\LT@lastfoot=\box52
\LT@cols=\count155
\LT@rows=\count156
\c@LT@tables=\count157
\c@LT@chunks=\count158
\LT@p@ftn=\toks33
)
(/usr/local/texlive/2013/texmf-dist/tex/latex/booktabs/booktabs.sty
Package: booktabs 2005/04/14 v1.61803 publication quality tables
\heavyrulewidth=\dimen189
\lightrulewidth=\dimen190
\cmidrulewidth=\dimen191
\belowrulesep=\dimen192
\belowbottomsep=\dimen193
\aboverulesep=\dimen194
\abovetopsep=\dimen195
\cmidrulesep=\dimen196
\cmidrulekern=\dimen197
\defaultaddspace=\dimen198
\@cmidla=\count159
\@cmidlb=\count160
\@aboverulesep=\dimen199
\@belowrulesep=\dimen200
\@thisruleclass=\count161
\@lastruleclass=\count162
\@thisrulewidth=\dimen201
)
(/usr/local/texlive/2013/texmf-dist/tex/latex/caption/caption2.sty
Package: caption2 2013/02/03 v2.2-62 Customising captions (AR)


Package caption2 Warning: ****************************************************
(caption2)                THIS PACKAGE IS OBSOLETE:
(caption2)                This package attempts to provide an `caption2'
(caption2)                package v2.0/2.1 author environment so that OLD
(caption2)                documents can be successfully processed. It should
(caption2)                NOT be used for NEW documents! New documents should
(caption2)                use the regular `caption' package v3.x instead.
(caption2)                ****************************************************

(/usr/local/texlive/2013/texmf-dist/tex/latex/caption/caption3.sty
Package: caption3 2013/05/02 v1.6-88 caption3 kernel (AR)
Package caption3 Info: TeX engine: e-TeX on input line 57.
Normal \dimen register pool exhausted, switching to extended pool.
\captionmargin=\dimen256
\captionmargin@=\dimen257
\captionwidth=\dimen258
\caption@tempdima=\dimen259
\caption@indent=\dimen260
\caption@parindent=\dimen261
\caption@hangindent=\dimen262
)
Package caption2 Info: Running in caption2 v2.0 compatibility mode on input lin
e 215.
\captionlinewidth=\dimen263
\realcaptionwidth=\dimen264
Package caption2 Info: longtable package v3.15 (or newer) detected on input lin
e 346.
)
(/usr/local/texlive/2013/texmf-dist/tex/latex/multirow/multirow.sty
\bigstrutjot=\dimen265
)
(/usr/local/texlive/2013/texmf-dist/tex/latex/tools/dcolumn.sty
Package: dcolumn 2001/05/28 v1.06 decimal alignment package (DPC)

(/usr/local/texlive/2013/texmf-dist/tex/latex/tools/array.sty
Package: array 2008/09/09 v2.4c Tabular extension package (FMi)
\col@sep=\dimen266
\extrarowheight=\dimen267
\NC@list=\toks34
\extratabsurround=\skip80
\backup@length=\skip81
))
(/usr/local/texlive/2013/texmf-dist/tex/latex/colortbl/colortbl.sty
Package: colortbl 2012/02/13 v1.0a Color table columns (DPC)
\everycr=\toks35
\minrowclearance=\skip82
)
(/usr/local/texlive/2013/texmf-dist/tex/latex/threeparttable/threeparttable.sty
Package: threeparttable 2003/06/13  v 3.0
\@tempboxb=\box53
) (/usr/local/texlive/2013/texmf-dist/tex/latex/titlesec/block.tss
File: block.tss 2011/12/15
)
\@nomenclaturefile=\write3
\openout3 = `main.nlo'.


Writing nomenclature file main.nlo
\c@zjuhypothsis=\count163
\c@zjudefine=\count164
\c@zjutheorem=\count165
\c@zjuproposition=\count166
) (/usr/local/texlive/2013/texmf-dist/tex/latex/pdfpages/pdfpages.sty
Package: pdfpages 2012/08/31 v0.4t Insert pages of external PDF documents (AM)

(/usr/local/texlive/2013/texmf-dist/tex/latex/eso-pic/eso-pic.sty
Package: eso-pic 2010/10/06 v2.0c eso-pic (RN)

(/usr/local/texlive/2013/texmf-dist/tex/generic/oberdiek/atbegshi.sty
Package: atbegshi 2011/10/05 v1.16 At begin shipout hook (HO)

(/usr/local/texlive/2013/texmf-dist/tex/generic/oberdiek/infwarerr.sty
Package: infwarerr 2010/04/08 v1.3 Providing info/warning/error messages (HO)
)
(/usr/local/texlive/2013/texmf-dist/tex/generic/oberdiek/ltxcmds.sty
Package: ltxcmds 2011/11/09 v1.22 LaTeX kernel commands for general use (HO)
)))
(/usr/local/texlive/2013/texmf-dist/tex/latex/pdfpages/ppxetex.def
File: ppxetex.def 2012/08/31 v0.4t Pdfpages driver for XeTeX (AM)
)
\AM@pagebox=\box54
\AM@toc@title=\toks36
\c@AM@survey=\count167
\AM@templatesizebox=\box55
)
(/usr/local/texlive/2013/texmf-dist/tex/latex/float/float.sty
Package: float 2001/11/08 v1.3d Float enhancements (AL)
\c@float@type=\count168
\float@exts=\toks37
\float@box=\box56
\@float@everytoks=\toks38
\@floatcapt=\box57
)
(/usr/local/texlive/2013/texmf-dist/tex/latex/subfigure/subfigure.sty
Package: subfigure 2002/03/15 v2.1.5 subfigure package
\subfigtopskip=\skip83
\subfigcapskip=\skip84
\subfigcaptopadj=\dimen268
\subfigbottomskip=\skip85
\subfigcapmargin=\dimen269
\subfiglabelskip=\skip86
\c@subfigure=\count169
\c@lofdepth=\count170
\c@subtable=\count171
\c@lotdepth=\count172

****************************************
* Local config file subfigure.cfg used *
****************************************
(/usr/local/texlive/2013/texmf-dist/tex/latex/subfigure/subfigure.cfg)
\subfig@top=\skip87
\subfig@bottom=\skip88
)
(/usr/local/texlive/2013/texmf-dist/tex/latex/tools/enumerate.sty
Package: enumerate 1999/03/05 v3.00 enumerate extensions (DPC)
\@enLab=\toks39
)
(./pythonhighlight.sty
Package: pythonhighlight 2011/09/19 python code highlighting; provided by Olivi
er Verdier <olivier.verdier@gmail.com>

(/usr/local/texlive/2013/texmf-dist/tex/latex/listings/listings.sty
\lst@mode=\count173
\lst@gtempboxa=\box58
\lst@token=\toks40
\lst@length=\count174
\lst@currlwidth=\dimen270
\lst@column=\count175
\lst@pos=\count176
\lst@lostspace=\dimen271
\lst@width=\dimen272
\lst@newlines=\count177
\lst@lineno=\count178
\lst@maxwidth=\dimen273

(/usr/local/texlive/2013/texmf-dist/tex/latex/listings/lstmisc.sty
File: lstmisc.sty 2007/02/22 1.4 (Carsten Heinz)
\c@lstnumber=\count179
\lst@skipnumbers=\count180
\lst@framebox=\box59
)
(/usr/local/texlive/2013/texmf-dist/tex/latex/listings/listings.cfg
File: listings.cfg 2007/02/22 1.4 listings configuration
))
Package: listings 2007/02/22 1.4 (Carsten Heinz)

(/usr/local/texlive/2013/texmf-dist/tex/latex/xcolor/xcolor.sty
Package: xcolor 2007/01/21 v2.11 LaTeX color extensions (UK)

(/usr/local/texlive/2013/texmf-dist/tex/latex/latexconfig/color.cfg
File: color.cfg 2007/01/18 v1.5 color configuration of teTeX/TeXLive
)
Package xcolor Info: Driver file: xetex.def on input line 225.
LaTeX Info: Redefining \color on input line 702.
Package xcolor Info: Model `cmy' substituted by `cmy0' on input line 1337.
Package xcolor Info: Model `RGB' extended on input line 1353.
Package xcolor Info: Model `HTML' substituted by `rgb' on input line 1355.
Package xcolor Info: Model `Hsb' substituted by `hsb' on input line 1356.
Package xcolor Info: Model `tHsb' substituted by `hsb' on input line 1357.
Package xcolor Info: Model `HSB' substituted by `hsb' on input line 1358.
Package xcolor Info: Model `Gray' substituted by `gray' on input line 1359.
Package xcolor Info: Model `wave' substituted by `hsb' on input line 1360.
))
(/usr/local/texlive/2013/texmf-dist/tex/latex/minted/minted.sty
Package: minted 2011/09/17 v1.7 Yet another Pygments shim for LaTeX

(/usr/local/texlive/2013/texmf-dist/tex/latex/fancyvrb/fancyvrb.sty
Package: fancyvrb 2008/02/07

Style option: `fancyvrb' v2.7a, with DG/SPQR fixes, and firstline=lastline fix 
<2008/02/07> (tvz)
\FV@CodeLineNo=\count181
\FV@InFile=\read2
\FV@TabBox=\box60
\c@FancyVerbLine=\count182
\FV@StepNumber=\count183
\FV@OutFile=\write4
)
(/usr/local/texlive/2013/texmf-dist/tex/latex/ifplatform/ifplatform.sty
Package: ifplatform 2010/10/22 v0.4 Testing for the operating system

(/usr/local/texlive/2013/texmf-dist/tex/generic/oberdiek/pdftexcmds.sty
Package: pdftexcmds 2011/11/29 v0.20 Utility functions of pdfTeX for LuaTeX (HO
)
Package pdftexcmds Info: LuaTeX not detected.
Package pdftexcmds Info: pdfTeX >= 1.30 not detected.
Package pdftexcmds Info: \pdf@primitive is available.
Package pdftexcmds Info: \pdf@ifprimitive is available.
Package pdftexcmds Info: \pdfdraftmode not found.
)
(/usr/local/texlive/2013/texmf-dist/tex/generic/oberdiek/catchfile.sty
Package: catchfile 2011/03/01 v1.6 Catch the contents of a file (HO)

(/usr/local/texlive/2013/texmf-dist/tex/generic/oberdiek/etexcmds.sty
Package: etexcmds 2011/02/16 v1.5 Avoid name clashes with e-TeX commands (HO)
Package etexcmds Info: Could not find \expanded.
(etexcmds)             That can mean that you are not using pdfTeX 1.50 or
(etexcmds)             that some package has redefined \expanded.
(etexcmds)             In the latter case, load this package earlier.
))
runsystem(uname -s > "main.w18")...executed.


(./main.w18)
runsystem(rm -- "main.w18")...executed.

)
\minted@bgbox=\box61
\minted@code=\write5
\@float@every@listing=\toks41
\c@listing=\count184
)
runsystem(which pygmentize && touch main.aex)...executed.

runsystem(rm main.aex)...executed.


(/usr/local/texlive/2013/texmf-dist/tex/latex/setspace/setspace.sty
Package: setspace 2011/12/19 v6.7a set line spacing
)
(/usr/local/texlive/2013/texmf-dist/tex/latex/tools/tabularx.sty
Package: tabularx 1999/01/07 v2.07 `tabularx' package (DPC)
\TX@col@width=\dimen274
\TX@old@table=\dimen275
\TX@old@col=\dimen276
\TX@target=\dimen277
\TX@delta=\dimen278
\TX@cols=\count185
\TX@ftn=\toks42
)
(/usr/local/texlive/2013/texmf-dist/tex/xelatex/xecjk/xeCJKfntef.sty
Package: xeCJKfntef 2013/05/29 v3.2.1 xeCJK patch file for ulem/CJKfntef

(/usr/local/texlive/2013/texmf-dist/tex/latex/cjk/texinput/CJKfntef.sty
Package: CJKfntef 2012/05/07 4.8.3
\CJK@fntefSkip=\skip89
\CJK@nest=\count186
\CJK@fntefDimen=\dimen279
\CJK@underdotBox=\box62
\CJK@ULbox=\box63
\CJK@underanyskip=\dimen280
)
*************************************************
* LaTeX warning: "xparse/redefine-command"
* 
* Redefining document command \CJKunderdot with arg. spec. 'm' on line 329.
*************************************************
\g__xeCJK_under_symbol_box=\box64
*************************************************
* LaTeX warning: "xparse/redefine-command"
* 
* Redefining document command \CJKunderanysymbol with arg. spec. 'mmm' on line
* 341.
*************************************************
*************************************************
* LaTeX warning: "xparse/redefine-environment"
* 
* Redefining document environment 'CJKfilltwosides' with arg. spec. 'm' on
* line 377.
*************************************************
\l__xeCJK_fill_width_dim=\dimen281
) (./main.aux (./data/1_Literature_review.aux) (./data/3_Thesis_Translation.aux
) (./data/2_Thesis_proposal.aux) (./data/4_Python_API.aux)
(./data/5_BPA_data.aux) (./data/result.aux) (./data/conclusion.aux)
(./data/thanks.aux) (./data/appe.aux) (./data/eval.aux))
\openout1 = `main.aux'.

LaTeX Font Info:    Checking defaults for OML/cmm/m/it on input line 37.
LaTeX Font Info:    ... okay on input line 37.
LaTeX Font Info:    Checking defaults for T1/cmr/m/n on input line 37.
LaTeX Font Info:    ... okay on input line 37.
LaTeX Font Info:    Checking defaults for OT1/cmr/m/n on input line 37.
LaTeX Font Info:    ... okay on input line 37.
LaTeX Font Info:    Checking defaults for OMS/cmsy/m/n on input line 37.
LaTeX Font Info:    ... okay on input line 37.
LaTeX Font Info:    Checking defaults for OMX/cmex/m/n on input line 37.
LaTeX Font Info:    ... okay on input line 37.
LaTeX Font Info:    Checking defaults for U/cmr/m/n on input line 37.
LaTeX Font Info:    ... okay on input line 37.
LaTeX Font Info:    Checking defaults for EU1/lmr/m/n on input line 37.
LaTeX Font Info:    ... okay on input line 37.
LaTeX Font Info:    Checking defaults for T3/cmr/m/n on input line 37.
LaTeX Font Info:    Try loading font information for T3+cmr on input line 37.

(/usr/local/texlive/2013/texmf-dist/tex/latex/tipa/t3cmr.fd
File: t3cmr.fd 2001/12/31 TIPA font definitions
)
LaTeX Font Info:    ... okay on input line 37.

*geometry* driver: auto-detecting
*geometry* detected driver: xetex
*geometry* verbose mode - [ preamble ] result:
* driver: xetex
* paper: <default>
* layout: <same size as paper>
* layoutoffset:(h,v)=(0.0pt,0.0pt)
* modes: includehead includefoot twoside 
* h-part:(L,W,R)=(96.73918pt, 432.48225pt, 68.28644pt)
* v-part:(T,H,B)=(56.9055pt, 719.8549pt, 68.28644pt)
* \paperwidth=597.50787pt
* \paperheight=845.04684pt
* \textwidth=432.48225pt
* \textheight=657.98111pt
* \oddsidemargin=24.4692pt
* \evensidemargin=-3.98355pt
* \topmargin=-15.36449pt
* \headheight=27.0pt
* \headsep=19.8738pt
* \topskip=12.0pt
* \footskip=36.98866pt
* \marginparwidth=88.0pt
* \marginparsep=7.0pt
* \columnsep=10.0pt
* \skip\footins=10.8pt plus 4.0pt minus 2.0pt
* \hoffset=0.0pt
* \voffset=0.0pt
* \mag=1000
* \@twocolumnfalse
* \@twosidetrue
* \@mparswitchtrue
* \@reversemarginfalse
* (1in=72.27pt=25.4mm, 1cm=28.453pt)

.................................................
. fontspec info: "setup-math"
. 
. Adjusting the maths setup (use [no-math] to avoid this).
.................................................
\symlegacymaths=\mathgroup7
LaTeX Font Info:    Overwriting symbol font `legacymaths' in version `bold'
(Font)                  OT1/cmr/m/n --> OT1/cmr/bx/n on input line 37.
LaTeX Font Info:    Redeclaring math accent \acute on input line 37.
LaTeX Font Info:    Redeclaring math accent \grave on input line 37.
LaTeX Font Info:    Redeclaring math accent \ddot on input line 37.
LaTeX Font Info:    Redeclaring math accent \tilde on input line 37.
LaTeX Font Info:    Redeclaring math accent \bar on input line 37.
LaTeX Font Info:    Redeclaring math accent \breve on input line 37.
LaTeX Font Info:    Redeclaring math accent \check on input line 37.
LaTeX Font Info:    Redeclaring math accent \hat on input line 37.
LaTeX Font Info:    Redeclaring math accent \dot on input line 37.
LaTeX Font Info:    Redeclaring math accent \mathring on input line 37.
LaTeX Font Info:    Redeclaring math symbol \Gamma on input line 37.
LaTeX Font Info:    Redeclaring math symbol \Delta on input line 37.
LaTeX Font Info:    Redeclaring math symbol \Theta on input line 37.
LaTeX Font Info:    Redeclaring math symbol \Lambda on input line 37.
LaTeX Font Info:    Redeclaring math symbol \Xi on input line 37.
LaTeX Font Info:    Redeclaring math symbol \Pi on input line 37.
LaTeX Font Info:    Redeclaring math symbol \Sigma on input line 37.
LaTeX Font Info:    Redeclaring math symbol \Upsilon on input line 37.
LaTeX Font Info:    Redeclaring math symbol \Phi on input line 37.
LaTeX Font Info:    Redeclaring math symbol \Psi on input line 37.
LaTeX Font Info:    Redeclaring math symbol \Omega on input line 37.
LaTeX Font Info:    Redeclaring math symbol \mathdollar on input line 37.
LaTeX Font Info:    Redeclaring symbol font `operators' on input line 37.
LaTeX Font Info:    Encoding `OT1' has changed to `EU1' for symbol font
(Font)              `operators' in the math version `normal' on input line 37.
LaTeX Font Info:    Overwriting symbol font `operators' in version `normal'
(Font)                  OT1/cmr/m/n --> EU1/TimesNewRoman(0)/m/n on input line 
37.
LaTeX Font Info:    Encoding `OT1' has changed to `EU1' for symbol font
(Font)              `operators' in the math version `bold' on input line 37.
LaTeX Font Info:    Overwriting symbol font `operators' in version `bold'
(Font)                  OT1/cmr/bx/n --> EU1/TimesNewRoman(0)/m/n on input line
 37.
LaTeX Font Info:    Overwriting symbol font `operators' in version `normal'
(Font)                  EU1/TimesNewRoman(0)/m/n --> EU1/TimesNewRoman(0)/m/n o
n input line 37.
LaTeX Font Info:    Overwriting math alphabet `\mathrm' in version `normal'
(Font)                  EU1/TimesNewRoman(0)/m/n --> EU1/TimesNewRoman(0)/m/n o
n input line 37.
LaTeX Font Info:    Overwriting math alphabet `\mathit' in version `normal'
(Font)                  OT1/cmr/m/it --> EU1/TimesNewRoman(0)/m/it on input lin
e 37.
LaTeX Font Info:    Overwriting math alphabet `\mathbf' in version `normal'
(Font)                  OT1/cmr/bx/n --> EU1/TimesNewRoman(0)/bx/n on input lin
e 37.
LaTeX Font Info:    Overwriting math alphabet `\mathsf' in version `normal'
(Font)                  OT1/cmss/m/n --> EU1/Arial(0)/m/n on input line 37.
LaTeX Font Info:    Overwriting math alphabet `\mathtt' in version `normal'
(Font)                  OT1/cmtt/m/n --> EU1/CourierNew(0)/m/n on input line 37
.
LaTeX Font Info:    Overwriting symbol font `operators' in version `bold'
(Font)                  EU1/TimesNewRoman(0)/m/n --> EU1/TimesNewRoman(0)/bx/n 
on input line 37.
LaTeX Font Info:    Overwriting math alphabet `\mathrm' in version `bold'
(Font)                  EU1/TimesNewRoman(0)/m/n --> EU1/TimesNewRoman(0)/bx/n 
on input line 37.
LaTeX Font Info:    Overwriting math alphabet `\mathit' in version `bold'
(Font)                  OT1/cmr/bx/it --> EU1/TimesNewRoman(0)/bx/it on input l
ine 37.
LaTeX Font Info:    Overwriting math alphabet `\mathsf' in version `bold'
(Font)                  OT1/cmss/bx/n --> EU1/Arial(0)/bx/n on input line 37.
LaTeX Font Info:    Overwriting math alphabet `\mathtt' in version `bold'
(Font)                  OT1/cmtt/m/n --> EU1/CourierNew(0)/bx/n on input line 3
7.
Package caption Info: Begin \AtBeginDocument code.
Package caption Info: End \AtBeginDocument code.
(./zjuthesis.cfg
LaTeX Info: Redefining \gbt7714 on input line 58.
)
\AtBeginShipoutBox=\box65
\c@lstlisting=\count187
runsystem(pygmentize -S default -f latex > main.pyg)...executed.

 (./main.pyg) (./data/cover.tex
File: images/zjdx.png Graphic file (type QTm)
 <use  "images/zjdx.png" >
.................................................
. fontspec info: "defining-font"
. 
. Font family 'SimSun(1)' created for font 'SimSun' with options
. [Script={CJK},BoldFont={*},ItalicFont={*},BoldItalicFont={*},SlantedFont={*},
BoldSlantedFont={*}].
. 
. This font family consists of the following shapes:
. 
. * 'normal' with NFSS spec.:
. <->"SimSun/ICU:script=hani;language=DFLT;"
. 
. * 'bold' with NFSS spec.:
. <->"SimSun/ICU:script=hani;language=DFLT;"
. 
. * 'italic' with NFSS spec.:
. <->"SimSun/ICU:script=hani;language=DFLT;"
. 
. * 'sl/' with NFSS spec.:
. <->"SimSun/ICU:script=hani;language=DFLT;"
. 
. * 'bold italic' with NFSS spec.:
. <->"SimSun/ICU:script=hani;language=DFLT;"
. 
. * 'sl/' with NFSS spec.:
. <->"SimSun/ICU:script=hani;language=DFLT;"
.................................................
File: images/standxb.png Graphic file (type QTm)

<use  "images/standxb.png" >
LaTeX Font Info:    Try loading font information for U+msa on input line 28.

(/usr/local/texlive/2013/texmf-dist/tex/latex/amsfonts/umsa.fd
File: umsa.fd 2013/01/14 v3.01 AMS symbols A
)
LaTeX Font Info:    Try loading font information for U+msb on input line 28.

(/usr/local/texlive/2013/texmf-dist/tex/latex/amsfonts/umsb.fd
File: umsb.fd 2013/01/14 v3.01 AMS symbols B
)
LaTeX Font Info:    Try loading font information for U+rsfs on input line 28.

(/usr/local/texlive/2013/texmf-dist/tex/latex/jknapltx/ursfs.fd
File: ursfs.fd 1998/03/24 rsfs font definition file (jk)
) [1

] [2]
File: images/standxb.png Graphic file (type QTm)

<use  "images/standxb.png" >
Overfull \hbox (34.00786pt too wide) in paragraph at lines 60--60
[]|   [] 
 []

[3]) (./data/announce.tex [4]
\g_fontspec_family_SimHei_int=\count188
.................................................
. fontspec info: "defining-font"
. 
. Font family 'SimHei(0)' created for font 'SimHei' with options
. [Script={CJK},BoldFont={*},ItalicFont={*},BoldItalicFont={*},SlantedFont={*},
BoldSlantedFont={*}].
. 
. This font family consists of the following shapes:
. 
. * 'normal' with NFSS spec.:
. <->"SimHei/ICU:script=hani;language=DFLT;"
. 
. * 'bold' with NFSS spec.:
. <->"SimHei/ICU:script=hani;language=DFLT;"
. 
. * 'italic' with NFSS spec.:
. <->"SimHei/ICU:script=hani;language=DFLT;"
. 
. * 'sl/' with NFSS spec.:
. <->"SimHei/ICU:script=hani;language=DFLT;"
. 
. * 'bold italic' with NFSS spec.:
. <->"SimHei/ICU:script=hani;language=DFLT;"
. 
. * 'sl/' with NFSS spec.:
. <->"SimHei/ICU:script=hani;language=DFLT;"
.................................................
LaTeX Font Info:    Calculating math sizes for size <14> on input line 23.
 [5]) [6] (./main.toc [1


])
\tf@toc=\write6
\openout6 = `main.toc'.

 [2]
\openout2 = `data/1_Literature_review.aux'.


(./data/1_Literature_review.tex
Chapter 1.
[1



] [2] [3]
File: images/Paper_Fig_11.png Graphic file (type QTm)
 <use  "images/Paper_Fig_11.png" > [4] [5]) [6

]
\openout2 = `data/3_Thesis_Translation.aux'.


(./data/3_Thesis_Translation.tex
Chapter 2.
[7



]
File: data/Paper.pdf Graphic file (type QTm)
 <use  "data/Paper.pdf"  page1>
File: data/Paper.pdf Graphic file (type QTm)
 <use  "data/Paper.pdf"  page1>
File: data/Paper.pdf Graphic file (type QTm)

<use  "data/Paper.pdf"  page1>
File: data/Paper.pdf Graphic file (type QTm)
 <use  "data/Paper.pdf"  page1>
File: data/Paper.pdf Graphic file (type QTm)

<use  "data/Paper.pdf"  page1> [8]
File: data/Paper.pdf Graphic file (type QTm)
 <use  "data/Paper.pdf"  page2>
File: data/Paper.pdf Graphic file (type QTm)

<use  "data/Paper.pdf"  page2>
File: data/Paper.pdf Graphic file (type QTm)
 <use  "data/Paper.pdf"  page2> [9]
File: data/Paper.pdf Graphic file (type QTm)

<use  "data/Paper.pdf"  page3>
File: data/Paper.pdf Graphic file (type QTm)
 <use  "data/Paper.pdf"  page3>
File: data/Paper.pdf Graphic file (type QTm)

<use  "data/Paper.pdf"  page3> [10]
File: data/Paper.pdf Graphic file (type QTm)
 <use  "data/Paper.pdf"  page4>
File: data/Paper.pdf Graphic file (type QTm)

<use  "data/Paper.pdf"  page4>
File: data/Paper.pdf Graphic file (type QTm)
 <use  "data/Paper.pdf"  page4> [11]
File: data/Paper.pdf Graphic file (type QTm)

<use  "data/Paper.pdf"  page5>
File: data/Paper.pdf Graphic file (type QTm)
 <use  "data/Paper.pdf"  page5>
File: data/Paper.pdf Graphic file (type QTm)

<use  "data/Paper.pdf"  page5> [12]
File: data/Paper.pdf Graphic file (type QTm)
 <use  "data/Paper.pdf"  page6>
File: data/Paper.pdf Graphic file (type QTm)

<use  "data/Paper.pdf"  page6>
File: data/Paper.pdf Graphic file (type QTm)
 <use  "data/Paper.pdf"  page6> [13]
File: data/Paper.pdf Graphic file (type QTm)

<use  "data/Paper.pdf"  page7>
File: data/Paper.pdf Graphic file (type QTm)
 <use  "data/Paper.pdf"  page7>
File: data/Paper.pdf Graphic file (type QTm)

<use  "data/Paper.pdf"  page7> [14]
File: data/Paper.pdf Graphic file (type QTm)
 <use  "data/Paper.pdf"  page8>
File: data/Paper.pdf Graphic file (type QTm)

<use  "data/Paper.pdf"  page8>
File: data/Paper.pdf Graphic file (type QTm)
 <use  "data/Paper.pdf"  page8> [15]
File: data/Paper.pdf Graphic file (type QTm)

<use  "data/Paper.pdf"  page9>
File: data/Paper.pdf Graphic file (type QTm)
 <use  "data/Paper.pdf"  page9>
File: data/Paper.pdf Graphic file (type QTm)

<use  "data/Paper.pdf"  page9> [16]
File: data/Paper.pdf Graphic file (type QTm)
 <use  "data/Paper.pdf"  page10>
File: data/Paper.pdf Graphic file (type QTm)

<use  "data/Paper.pdf"  page10>
File: data/Paper.pdf Graphic file (type QTm)
 <use  "data/Paper.pdf"  page10> [17]
File: data/Paper.pdf Graphic file (type QTm)

<use  "data/Paper.pdf"  page11>
File: data/Paper.pdf Graphic file (type QTm)
 <use  "data/Paper.pdf"  page11>
File: data/Paper.pdf Graphic file (type QTm)

<use  "data/Paper.pdf"  page11> [18]
File: data/Paper.pdf Graphic file (type QTm)
 <use  "data/Paper.pdf"  page12>
File: data/Paper.pdf Graphic file (type QTm)

<use  "data/Paper.pdf"  page12>
File: data/Paper.pdf Graphic file (type QTm)
 <use  "data/Paper.pdf"  page12> [19]
File: data/Paper.pdf Graphic file (type QTm)

<use  "data/Paper.pdf"  page13>
File: data/Paper.pdf Graphic file (type QTm)
 <use  "data/Paper.pdf"  page13>
File: data/Paper.pdf Graphic file (type QTm)

<use  "data/Paper.pdf"  page13> [20]
File: data/Paper.pdf Graphic file (type QTm)
 <use  "data/Paper.pdf"  page14>
File: data/Paper.pdf Graphic file (type QTm)

<use  "data/Paper.pdf"  page14>
File: data/Paper.pdf Graphic file (type QTm)
 <use  "data/Paper.pdf"  page14> [21]
File: data/Paper.pdf Graphic file (type QTm)

<use  "data/Paper.pdf"  page15>
File: data/Paper.pdf Graphic file (type QTm)
 <use  "data/Paper.pdf"  page15>
File: data/Paper.pdf Graphic file (type QTm)

<use  "data/Paper.pdf"  page15> [22]
File: data/Paper.pdf Graphic file (type QTm)
 <use  "data/Paper.pdf"  page16>
File: data/Paper.pdf Graphic file (type QTm)

<use  "data/Paper.pdf"  page16>
File: data/Paper.pdf Graphic file (type QTm)
 <use  "data/Paper.pdf"  page16> [23]
File: data/Paper.pdf Graphic file (type QTm)

<use  "data/Paper.pdf"  page17>
File: data/Paper.pdf Graphic file (type QTm)
 <use  "data/Paper.pdf"  page17>
File: data/Paper.pdf Graphic file (type QTm)

<use  "data/Paper.pdf"  page17> [24]
File: images/Paper_Fig_1.png Graphic file (type QTm)
 <use  "images/Paper_Fig_1.png" >
Overfull \hbox (15.02266pt too wide) in paragraph at lines 30--32
 [][] 
 []

File: images/Paper_Fig_2.png Graphic file (type QTm)
<use  "images/Paper_Fig_2.png" >
Overfull \hbox (15.02266pt too wide) in paragraph at lines 36--38
 [][] 
 []

[25] [26]

LaTeX Warning: `h' float specifier changed to `ht'.

[27]
File: images/Paper_Fig_3.png Graphic file (type QTm)
 <use  "images/Paper_Fig_3.png" >
Overfull \hbox (15.02266pt too wide) in paragraph at lines 83--84
 [][] 
 []

File: images/Paper_Fig_4.png Graphic file (type QTm)
<use  "images/Paper_Fig_4.png" >
Overfull \hbox (15.02266pt too wide) in paragraph at lines 87--88
 [][] 
 []


Overfull \hbox (1.99998pt too wide) in paragraph at lines 81--90
[][] []
 []


Underfull \hbox (badness 10000) in paragraph at lines 81--90

 []


LaTeX Warning: `h' float specifier changed to `ht'.

[28] [29]
Overfull \hbox (18.47046pt too wide) in paragraph at lines 126--136
 [] 
 []

[30]
File: images/Paper_Fig_5.png Graphic file (type QTm)
 <use  "images/Paper_Fig_5.png" >
Overfull \hbox (21.62543pt too wide) in paragraph at lines 145--147
 [][] 
 []


LaTeX Warning: `h' float specifier changed to `ht'.

[31]
File: images/Paper_Fig_6.png Graphic file (type QTm)
 <use  "images/Paper_Fig_6.png" >
Overfull \hbox (21.62543pt too wide) in paragraph at lines 166--168
 [][] 
 []

[32] [33] [34] [35] [36] [37] [38]
File: images/Paper_Fig_7.png Graphic file (type QTm)
 <use  "images/Paper_Fig_7.png" >
Overfull \hbox (15.02266pt too wide) in paragraph at lines 297--299
 [][] 
 []

File: images/Paper_Fig_8.png Graphic file (type QTm)
<use  "images/Paper_Fig_8.png" >
Overfull \hbox (15.02266pt too wide) in paragraph at lines 303--305
 [][] 
 []

[39] [40]
File: images/Paper_Fig_9.png Graphic file (type QTm)
 <use  "images/Paper_Fig_9.png" >
Overfull \hbox (15.02266pt too wide) in paragraph at lines 336--338
 [][] 
 []

File: images/Paper_Fig_10.png Graphic file (type QTm)
<use  "images/Paper_Fig_10.png" >
Overfull \hbox (15.02266pt too wide) in paragraph at lines 342--344
 [][] 
 []

[41]) [42] [43] [44]
\openout2 = `data/2_Thesis_proposal.aux'.

 (./data/2_Thesis_proposal.tex
Chapter 3.
[45



]
File: images/Paper_Fig_12.png Graphic file (type QTm)
 <use  "images/Paper_Fig_12.png" >
Overfull \hbox (21.62543pt too wide) in paragraph at lines 29--31
 [][] 
 []

[46]) [47]
\openout2 = `data/4_Python_API.aux'.

 (./data/4_Python_API.tex
Chapter 4.
[48



]
File: images/Paper_Fig_13.png Graphic file (type QTm)
 <use  "images/Paper_Fig_13.png" >
Overfull \hbox (21.62543pt too wide) in paragraph at lines 48--50
 [][] 
 []

[49]
File: images/Paper_Fig_15.png Graphic file (type QTm)
 <use  "images/Paper_Fig_15.png" >
Overfull \hbox (21.62543pt too wide) in paragraph at lines 70--72
 [][] 
 []

File: images/Paper_Fig_14.png Graphic file (type QTm)
<use  "images/Paper_Fig_14.png" >
Overfull \hbox (21.62543pt too wide) in paragraph at lines 81--83
 [][] 
 []

[50] [51]
\openout4 = `main.pyg'.

runsystem(pygmentize -l python -f latex -F tokenmerge             -P "verboptio
ns= ,fontsize=\footnotesize ,frame=lines,framesep=2mm,baselinestretch=0.7" -o m
ain.out.pyg main.pyg)...executed.

 (./main.out.pyg
.................................................
. fontspec info: "defining-font"
. 
. Font family 'SimSun(1)' created for font 'SimSun' with options
. [Script={CJK},BoldFont={*},ItalicFont={*},BoldItalicFont={*},SlantedFont={*},
BoldSlantedFont={*}].
. 
. This font family consists of the following shapes:
.................................................
)
runsystem(rm main.out.pyg)...executed.

runsystem(rm main.pyg)...executed.

) [52]
\openout2 = `data/5_BPA_data.aux'.

 (./data/5_BPA_data.tex
Chapter 5.
File: images/Paper_Fig_17.png Graphic file (type QTm)
<use  "images/Paper_Fig_17.png" >
Overfull \hbox (21.62543pt too wide) in paragraph at lines 45--47
 [][] 
 []

[53



]
Overfull \hbox (7.1303pt too wide) in alignment at lines 51--87
 [] [] [] 
 []


Underfull \vbox (badness 10000) detected at line 87
 []

File: images/Paper_Fig_18.png Graphic file (type QTm)
<use  "images/Paper_Fig_18.png" > [54]
Overfull \hbox (19.8408pt too wide) in alignment at lines 102--112
 [] [] [] 
 []


Underfull \vbox (badness 10000) detected at line 112
 []

File: images/Paper_Fig_19.png Graphic file (type QTm)
<use  "images/Paper_Fig_19.png" > [55]
File: images/Paper_Fig_20.png Graphic file (type QTm)
 <use  "images/Paper_Fig_20.png" >
File: images/Paper_Fig_21.png Graphic file (type QTm)

<use  "images/Paper_Fig_21.png" > [56] [57]
File: images/Paper_Fig_22.png Graphic file (type QTm)
 <use  "images/Paper_Fig_22.png" >
File: images/Paper_Fig_23.png Graphic file (type QTm)

<use  "images/Paper_Fig_23.png" >
Overfull \hbox (5.17479pt too wide) in alignment at lines 203--210
 [] [] [] 
 []


Underfull \vbox (badness 10000) detected at line 210
 []

[58]
File: images/Paper_Fig_24.png Graphic file (type QTm)
 <use  "images/Paper_Fig_24.png" >
Overfull \hbox (6.87126pt too wide) in paragraph at lines 230--231
[]\EU1/SimSun(0)/m/it/12   \EU1/TimesNewRoman(0)/m/n/12 5.8 \EU1/SimSun(0)/m/
it/12    \EU1/TimesNewRoman(0)/m/it/12 3PH-'YN'\EU1/SimSun(0)/m/it/12 | \EU
1/TimesNewRoman(0)/m/it/12 3PH-'Y' \EU1/SimSun(0)/m/it/12  |         
     \EU1/TimesNewRoman(0)/m/it/12 'connected'\EU1/SimSun(0)/m/it/12 |
 []

[59]
File: images/Paper_Fig_25.png Graphic file (type QTm)
 <use  "images/Paper_Fig_25.png" > [60] [61] [62]
Overfull \hbox (1.50096pt too wide) in alignment at lines 316--327
 [] [] [] 
 []


Underfull \vbox (badness 10000) detected at line 327
 []

[63]
File: images/Paper_Fig_26.png Graphic file (type QTm)
 <use  "images/Paper_Fig_26.png" >
File: images/Paper_Fig_27.png Graphic file (type QTm)
 <use  "images/Paper_Fig_27.png" >
[64]
File: images/Paper_Fig_28.png Graphic file (type QTm)
 <use  "images/Paper_Fig_28.png" > [65]
File: images/Paper_Fig_29.png Graphic file (type QTm)
 <use  "images/Paper_Fig_29.png" >
File: images/Paper_Fig_30.png Graphic file (type QTm)

<use  "images/Paper_Fig_30.png" > [66]
File: images/Paper_Fig_31.png Graphic file (type QTm)
 <use  "images/Paper_Fig_31.png" >
File: images/Paper_Fig_32.png Graphic file (type QTm)

<use  "images/Paper_Fig_32.png" > [67]
Overfull \hbox (16.8408pt too wide) in alignment at lines 451--458
 [] [] [] 
 []


Underfull \vbox (badness 10000) detected at line 458
 []

Missing character: There is no  in font Times New Roman/OT:script=latn;languag
e=DFLT;!
File: images/Paper_Fig_33.png Graphic file (type QTm)
<use  "images/Paper_Fig_33.png" >
Overfull \hbox (21.62543pt too wide) in paragraph at lines 469--471
 [][] 
 []

Missing character: There is no  in font Times New Roman/OT:script=latn;languag
e=DFLT;!
Missing character: There is no  in font Times New Roman/OT:script=latn;languag
e=DFLT;!
Missing character: There is no  in font Times New Roman/OT:script=latn;languag
e=DFLT;!
Missing character: There is no  in font Times New Roman/OT:script=latn;languag
e=DFLT;!
Missing character: There is no  in font Times New Roman/OT:script=latn;languag
e=DFLT;!
Missing character: There is no  in font Times New Roman/OT:script=latn;languag
e=DFLT;!
Missing character: There is no  in font Times New Roman/OT:script=latn;languag
e=DFLT;!
Missing character: There is no  in font Times New Roman/OT:script=latn;languag
e=DFLT;!
Missing character: There is no  in font Times New Roman/OT:script=latn;languag
e=DFLT;!
Missing character: There is no  in font Times New Roman/OT:script=latn;languag
e=DFLT;!

Underfull \hbox (badness 1158) in paragraph at lines 498--500
[]|\EU1/SimSun(0)/m/it/12           |         | $\OML/cmm
/m/it/12 G\OT1/cmr/m/n/12 /2[]51 \OMS/cmsy/m/n/12 ^^@
 []


Overfull \hbox (19.8408pt too wide) in alignment at lines 475--502
 [] [] [] 
 []


Underfull \vbox (badness 10000) detected at line 502
 []


Overfull \hbox (19.8408pt too wide) in alignment at lines 502--506
 [] [] [] 
 []

[68]
File: images/Paper_Fig_34.png Graphic file (type QTm)
 <use  "images/Paper_Fig_34.png" >
Overfull \hbox (21.62543pt too wide) in paragraph at lines 511--513
 [][] 
 []

Missing character: There is no  in font Times New Roman/OT:script=latn;languag
e=DFLT;!
Missing character: There is no  in font Times New Roman/OT:script=latn;languag
e=DFLT;!
Missing character: There is no  in font Times New Roman/OT:script=latn;languag
e=DFLT;!
Missing character: There is no  in font Times New Roman/OT:script=latn;languag
e=DFLT;!
Missing character: There is no  in font Times New Roman/OT:script=latn;languag
e=DFLT;!
Missing character: There is no  in font Times New Roman/OT:script=latn;languag
e=DFLT;!
Missing character: There is no  in font Times New Roman/OT:script=latn;languag
e=DFLT;!
Missing character: There is no  in font Times New Roman/OT:script=latn;languag
e=DFLT;!
Missing character: There is no  in font Times New Roman/OT:script=latn;languag
e=DFLT;!
Missing character: There is no  in font Times New Roman/OT:script=latn;languag
e=DFLT;!

Underfull \hbox (badness 1158) in paragraph at lines 534--536
[]|\EU1/SimSun(0)/m/it/12           |         | $\OML/cmm
/m/it/12 G\OT1/cmr/m/n/12 /2[]51 \OMS/cmsy/m/n/12 ^^@
 []

Missing character: There is no  in font Times New Roman/OT:script=latn;languag
e=DFLT;!
Missing character: There is no  in font Times New Roman/OT:script=latn;languag
e=DFLT;!
Missing character: There is no  in font Times New Roman/OT:script=latn;languag
e=DFLT;!

Overfull \hbox (19.8408pt too wide) in alignment at lines 517--542
 [] [] [] 
 []


Underfull \vbox (badness 10000) detected at line 542
 []

[69]
File: images/Paper_Fig_35.png Graphic file (type QTm)
 <use  "images/Paper_Fig_35.png" > [70]
File: images/Paper_Fig_36.png Graphic file (type QTm)
 <use  "images/Paper_Fig_36.png" >
Missing character: There is no  in font Times New Roman/OT:script=latn;languag
e=DFLT;!
Missing character: There is no  in font Times New Roman/OT:script=latn;languag
e=DFLT;!
File: images/Paper_Fig_37.png Graphic file (type QTm)

<use  "images/Paper_Fig_37.png" > [71]
File: images/Paper_Fig_38.png Graphic file (type QTm)
 <use  "images/Paper_Fig_38.png" >
Missing character: There is no  in font Times New Roman/OT:script=latn;languag
e=DFLT;!
Missing character: There is no  in font Times New Roman/OT:script=latn;languag
e=DFLT;!
Missing character: There is no  in font Times New Roman/OT:script=latn;languag
e=DFLT;!
Missing character: There is no  in font Times New Roman/OT:script=latn;languag
e=DFLT;!

[72]
File: images/Paper_Fig_39.png Graphic file (type QTm)
 <use  "images/Paper_Fig_39.png" > [73]
File: images/Paper_Fig_40.png Graphic file (type QTm)
 <use  "images/Paper_Fig_40.png" >
File: images/Paper_Fig_41.png Graphic file (type QTm)

<use  "images/Paper_Fig_41.png" >
File: images/Paper_Fig_42.png Graphic file (type QTm)
 <use  "images/Paper_Fig_42.png" > [74]
File: images/Paper_Fig_43.png Graphic file (type QTm)

<use  "images/Paper_Fig_43.png" >
File: images/Paper_Fig_44.png Graphic file (type QTm)
 <use  "images/Paper_Fig_44.png" > [75]
File: images/Paper_Fig_45.png Graphic file (type QTm)

<use  "images/Paper_Fig_45.png" >
Overfull \hbox (21.62543pt too wide) in paragraph at lines 743--745
 [][] 
 []


Overfull \hbox (19.8408pt too wide) in alignment at lines 749--763
 [] [] [] 
 []


Underfull \vbox (badness 10000) detected at line 763
 []

[76]
File: images/Paper_Fig_46.png Graphic file (type QTm)
 <use  "images/Paper_Fig_46.png" >
Overfull \hbox (21.62543pt too wide) in paragraph at lines 774--776
 [][] 
 []


Overfull \hbox (19.8408pt too wide) in alignment at lines 780--801
 [] [] [] 
 []


Underfull \vbox (badness 10000) detected at line 801
 []

[77]
File: images/Paper_Fig_47.png Graphic file (type QTm)
 <use  "images/Paper_Fig_47.png" >
File: images/Paper_Fig_48.png Graphic file (type QTm)
 <use  "images/Paper_Fig_48.png" >
[78]

LaTeX Warning: `h' float specifier changed to `ht'.


LaTeX Warning: `h' float specifier changed to `ht'.

Missing character: There is no  in font Times New Roman/OT:script=latn;languag
e=DFLT;!
Missing character: There is no  in font Times New Roman/OT:script=latn;languag
e=DFLT;!
Missing character: There is no  in font Times New Roman/OT:script=latn;languag
e=DFLT;!
Missing character: There is no  in font Times New Roman/OT:script=latn;languag
e=DFLT;!
Missing character: There is no  in font Times New Roman/OT:script=latn;languag
e=DFLT;!
Missing character: There is no  in font Times New Roman/OT:script=latn;languag
e=DFLT;!
File: images/Paper_Fig_49.png Graphic file (type QTm)
<use  "images/Paper_Fig_49.png" > [79]
File: images/Paper_Fig_50.png Graphic file (type QTm)
 <use  "images/Paper_Fig_50.png" >
[80]
Missing character: There is no  in font Times New Roman/OT:script=latn;languag
e=DFLT;!
Missing character: There is no  in font Times New Roman/OT:script=latn;languag
e=DFLT;!
Missing character: There is no  in font Times New Roman/OT:script=latn;languag
e=DFLT;!
File: images/Paper_Fig_51.png Graphic file (type QTm)
 <use  "images/Paper_Fig_51.png" >
File: images/Paper_Fig_52.png Graphic file (type QTm)
 <use  "images/Paper_Fig_52.png" >
[81]
File: images/Paper_Fig_53.png Graphic file (type QTm)
 <use  "images/Paper_Fig_53.png" > [82]
File: images/Paper_Fig_54.png Graphic file (type QTm)
 <use  "images/Paper_Fig_54.png" >
Overfull \hbox (21.62543pt too wide) in paragraph at lines 978--980
 [][] 
 []


Overfull \hbox (1.50096pt too wide) in alignment at lines 984--1002
 [] [] [] 
 []


Underfull \vbox (badness 10000) detected at line 1002
 []

) [83]
\openout2 = `data/result.aux'.

 (./data/result.tex
Chapter 6.
File: images/Paper_Fig_55.png Graphic file (type QTm)
<use  "images/Paper_Fig_55.png" >
Overfull \hbox (21.62543pt too wide) in paragraph at lines 7--9
 [][] 
 []

File: images/Paper_Fig_56.png Graphic file (type QTm)
<use  "images/Paper_Fig_56.png" > [84



]
File: images/Paper_Fig_57.png Graphic file (type QTm)
 <use  "images/Paper_Fig_57.png" >
File: images/Paper_Fig_58.png Graphic file (type QTm)

<use  "images/Paper_Fig_58.png" > [85]
File: images/Paper_Fig_59.png Graphic file (type QTm)
 <use  "images/Paper_Fig_59.png" >
[86]) [87]
\openout2 = `data/conclusion.aux'.

 (./data/conclusion.tex
Chapter 7.
[88



]) [89]
No file main.bbl.
\openout2 = `data/thanks.aux'.

(./data/thanks.tex) [90




]
\openout2 = `data/appe.aux'.

 (./data/appe.tex
runsystem(pygmentize -l python -f latex -F tokenmerge             -P "verboptio
ns= ,fontsize=\tiny ,frame=lines,framesep=1mm,baselinestretch=0.6" -o main.out.
pyg first.py)...executed.

 (./main.out.pyg [91



] [92] [93]
[94] [95] [96] [97] [98] [99])
runsystem(rm main.out.pyg)...executed.

) [100]
\openout2 = `data/eval.aux'.

 (./data/eval.tex
*************************************************
* fontspec warning: "script-not-exist"
* 
* Font 'STFangsong' does not contain script 'CJK'.
*************************************************
\g_fontspec_family_STFangsong_int=\count189
.................................................
. fontspec info: "defining-font"
. 
. Font family 'STFangsong(0)' created for font 'STFangsong' with options
. [Script={CJK},BoldFont={*},ItalicFont={*},BoldItalicFont={*},SlantedFont={*},
BoldSlantedFont={*}].
. 
. This font family consists of the following shapes:
. 
. * 'normal' with NFSS spec.:
. <->"STFangsong/ICU:"
. 
. * 'bold' with NFSS spec.:
. <->"STFangsong/ICU:"
. 
. * 'italic' with NFSS spec.:
. <->"STFangsong/ICU:"
. 
. * 'sl/' with NFSS spec.:
. <->"STFangsong/ICU:"
. 
. * 'bold italic' with NFSS spec.:
. <->"STFangsong/ICU:"
. 
. * 'sl/' with NFSS spec.:
. <->"STFangsong/ICU:"
.................................................
) [101



] (./main.aux (./data/1_Literature_review.aux)
(./data/3_Thesis_Translation.aux) (./data/2_Thesis_proposal.aux)
(./data/4_Python_API.aux) (./data/5_BPA_data.aux) (./data/result.aux)
(./data/conclusion.aux) (./data/thanks.aux) (./data/appe.aux) (./data/eval.aux)
) ) 
Here is how much of TeX's memory you used:
 23062 strings out of 493938
 475094 string characters out of 6148856
 518091 words of memory out of 5000000
 25774 multiletter control sequences out of 15000+600000
 15262 words of font info for 129 fonts, out of 8000000 for 9000
 1144 hyphenation exceptions out of 8191
 53i,18n,66p,1075b,559s stack positions out of 5000i,500n,10000p,200000b,80000s

Output written on main.pdf (109 pages).
